<?xml version="1.0" encoding="UTF-8"?>
<testng-results skipped="0" failed="0" ignored="0" total="1" passed="1">
  <reporter-output>
  </reporter-output>
  <suite name="Default suite" duration-ms="53" started-at="2019-04-17T05:07:46Z" finished-at="2019-04-17T05:07:46Z">
    <groups>
    </groups>
    <test name="Default test" duration-ms="53" started-at="2019-04-17T05:07:46Z" finished-at="2019-04-17T05:07:46Z">
      <class name="com.dummy.testcases.LoginTest">
        <test-method status="PASS" signature="loginTest()[pri:0, instance:com.dummy.testcases.LoginTest@6eceb130]" name="loginTest" duration-ms="16" started-at="2019-04-17T05:07:46Z" finished-at="2019-04-17T05:07:46Z">
          <reporter-output>
          </reporter-output>
        </test-method> <!-- loginTest -->
      </class> <!-- com.dummy.testcases.LoginTest -->
    </test> <!-- Default test -->
  </suite> <!-- Default suite -->
</testng-results>
